\BOOKMARK [1][-]{Doc-Start}{\376\377\000H\000o\000w\000\040\000t\000o\000\040\000R\000e\000a\000d\000\040\000T\000h\000i\000s\000\040\000D\000o\000c\000u\000m\000e\000n\000t}{}% 1
\BOOKMARK [1][-]{section.1}{\376\377\000E\000x\000e\000c\000u\000t\000i\000v\000e\000\040\000S\000u\000m\000m\000a\000r\000y}{}% 2
\BOOKMARK [2][-]{subsection.1.1}{\376\377\000I\000n\000s\000t\000i\000t\000u\000t\000i\000o\000n\000a\000l\000\040\000C\000a\000p\000t\000u\000r\000e\000\040\000a\000n\000d\000\040\000G\000r\000a\000n\000t\000\040\000M\000a\000n\000i\000p\000u\000l\000a\000t\000i\000o\000n}{section.1}% 3
\BOOKMARK [2][-]{subsection.1.2}{\376\377\000R\000u\000r\000a\000l\000\040\000H\000e\000a\000l\000t\000h\000c\000a\000r\000e\000\040\000D\000e\000s\000e\000r\000t\000\040\000I\000m\000p\000a\000c\000t}{section.1}% 4
\BOOKMARK [1][-]{section.2}{\376\377\000P\000r\000o\000b\000l\000e\000m\000\040\000S\000t\000a\000t\000e\000m\000e\000n\000t}{}% 5
\BOOKMARK [1][-]{section.3}{\376\377\000T\000h\000e\000s\000i\000s}{}% 6
\BOOKMARK [1][-]{section.4}{\376\377\000B\000a\000c\000k\000g\000r\000o\000u\000n\000d\000\040\000a\000n\000d\000\040\000P\000r\000o\000b\000l\000e\000m\000\040\000L\000a\000n\000d\000s\000c\000a\000p\000e}{}% 7
\BOOKMARK [2][-]{subsection.4.1}{\376\377\000R\000u\000r\000a\000l\000\040\000D\000o\000m\000e\000s\000t\000i\000c\000\040\000V\000i\000o\000l\000e\000n\000c\000e\000\040\000E\000p\000i\000d\000e\000m\000i\000o\000l\000o\000g\000y}{section.4}% 8
\BOOKMARK [2][-]{subsection.4.2}{\376\377\000I\000n\000s\000t\000i\000t\000u\000t\000i\000o\000n\000a\000l\000\040\000A\000b\000u\000s\000e\000\040\000i\000n\000\040\000U\000n\000i\000v\000e\000r\000s\000i\000t\000y\000\040\000S\000e\000t\000t\000i\000n\000g\000s}{section.4}% 9
\BOOKMARK [2][-]{subsection.4.3}{\376\377\000N\000e\000u\000r\000o\000p\000l\000a\000s\000t\000i\000c\000i\000t\000y\000\040\000a\000n\000d\000\040\000C\000r\000i\000t\000i\000c\000a\000l\000\040\000I\000n\000t\000e\000r\000v\000e\000n\000t\000i\000o\000n\000\040\000W\000i\000n\000d\000o\000w\000s}{section.4}% 10
\BOOKMARK [1][-]{section.5}{\376\377\000P\000r\000i\000o\000r\000\040\000W\000o\000r\000k\000\040\000a\000n\000d\000\040\000M\000o\000t\000i\000v\000a\000t\000i\000o\000n}{}% 11
\BOOKMARK [2][-]{subsection.5.1}{\376\377\000E\000n\000t\000r\000o\000p\000y\000\040\000B\000a\000s\000e\000d\000\040\000E\000m\000o\000t\000i\000o\000n\000a\000l\000\040\000A\000n\000a\000l\000y\000s\000i\000s}{section.5}% 12
\BOOKMARK [2][-]{subsection.5.2}{\376\377\000T\000r\000a\000u\000m\000a\000\040\000I\000n\000f\000o\000r\000m\000e\000d\000\040\000T\000e\000c\000h\000n\000o\000l\000o\000g\000y}{section.5}% 13
\BOOKMARK [2][-]{subsection.5.3}{\376\377\000D\000i\000s\000s\000o\000c\000i\000a\000t\000i\000v\000e\000\040\000I\000d\000e\000n\000t\000i\000t\000y\000\040\000S\000u\000p\000p\000o\000r\000t}{section.5}% 14
\BOOKMARK [1][-]{section.6}{\376\377\000M\000e\000t\000h\000o\000d\000o\000l\000o\000g\000y}{}% 15
\BOOKMARK [2][-]{subsection.6.1}{\376\377\000M\000a\000t\000h\000e\000m\000a\000t\000i\000c\000a\000l\000\040\000F\000o\000u\000n\000d\000a\000t\000i\000o\000n\000s}{section.6}% 16
\BOOKMARK [2][-]{subsection.6.2}{\376\377\000S\000h\000a\000n\000n\000o\000n\000\040\000E\000n\000t\000r\000o\000p\000y\000\040\000A\000n\000a\000l\000y\000s\000i\000s\000\040\000f\000o\000r\000\040\000E\000m\000o\000t\000i\000o\000n\000a\000l\000\040\000S\000t\000a\000t\000e\000\040\000D\000e\000t\000e\000c\000t\000i\000o\000n}{section.6}% 17
\BOOKMARK [2][-]{subsection.6.3}{\376\377\000J\000e\000n\000s\000e\000n\000-\000S\000h\000a\000n\000n\000o\000n\000\040\000D\000i\000v\000e\000r\000g\000e\000n\000c\000e\000\040\000f\000o\000r\000\040\000S\000t\000a\000t\000e\000\040\000T\000r\000a\000n\000s\000i\000t\000i\000o\000n\000s}{section.6}% 18
\BOOKMARK [2][-]{subsection.6.4}{\376\377\000M\000u\000t\000u\000a\000l\000\040\000I\000n\000f\000o\000r\000m\000a\000t\000i\000o\000n\000\040\000f\000o\000r\000\040\000R\000e\000l\000a\000t\000i\000o\000n\000a\000l\000\040\000D\000e\000p\000e\000n\000d\000e\000n\000c\000i\000e\000s}{section.6}% 19
\BOOKMARK [2][-]{subsection.6.5}{\376\377\000L\000y\000a\000p\000u\000n\000o\000v\000\040\000E\000x\000p\000o\000n\000e\000n\000t\000s\000\040\000f\000o\000r\000\040\000S\000y\000s\000t\000e\000m\000\040\000S\000t\000a\000b\000i\000l\000i\000t\000y}{section.6}% 20
\BOOKMARK [2][-]{subsection.6.6}{\376\377\000R\000e\000c\000u\000r\000s\000i\000v\000e\000\040\000M\000e\000m\000o\000r\000y\000\040\000M\000a\000p\000p\000i\000n\000g\000\040\000A\000l\000g\000o\000r\000i\000t\000h\000m\000s}{section.6}% 21
\BOOKMARK [1][-]{section.7}{\376\377\000A\000I\000\040\000M\000i\000r\000r\000o\000r\000\040\000S\000y\000s\000t\000e\000m\000\040\000A\000r\000c\000h\000i\000t\000e\000c\000t\000u\000r\000e}{}% 22
\BOOKMARK [2][-]{subsection.7.1}{\376\377\000C\000o\000r\000e\000\040\000C\000o\000m\000p\000o\000n\000e\000n\000t\000s\000\040\000O\000v\000e\000r\000v\000i\000e\000w}{section.7}% 23
\BOOKMARK [3][-]{subsubsection.7.1.1}{\376\377\000R\000e\000c\000u\000r\000s\000i\000v\000e\000\040\000I\000d\000e\000n\000t\000i\000t\000y\000\040\000M\000e\000m\000o\000r\000y\000\040\000E\000n\000g\000i\000n\000e\000\040\000\050\000R\000I\000M\000E\000\051}{subsection.7.1}% 24
\BOOKMARK [3][-]{subsubsection.7.1.2}{\376\377\000E\000n\000t\000r\000o\000p\000y\000-\000B\000a\000s\000e\000d\000\040\000E\000m\000o\000t\000i\000o\000n\000a\000l\000\040\000S\000t\000a\000t\000e\000\040\000A\000n\000a\000l\000y\000z\000e\000r\000\040\000\050\000E\000E\000S\000A\000\051}{subsection.7.1}% 25
\BOOKMARK [3][-]{subsubsection.7.1.3}{\376\377\000P\000r\000o\000t\000e\000c\000t\000i\000v\000e\000\040\000L\000o\000g\000i\000c\000\040\000M\000o\000d\000u\000l\000e\000\040\000\050\000P\000L\000M\000\051}{subsection.7.1}% 26
\BOOKMARK [3][-]{subsubsection.7.1.4}{\376\377\000R\000e\000l\000a\000t\000i\000o\000n\000s\000h\000i\000p\000\040\000C\000o\000n\000t\000i\000n\000u\000i\000t\000y\000\040\000T\000h\000r\000e\000a\000d\000e\000r\000\040\000\050\000R\000C\000T\000\051}{subsection.7.1}% 27
\BOOKMARK [3][-]{subsubsection.7.1.5}{\376\377\000M\000i\000r\000r\000o\000r\000L\000i\000n\000k\000\040\000D\000i\000a\000l\000o\000g\000u\000e\000\040\000C\000o\000m\000p\000a\000n\000i\000o\000n\000\040\000\050\000M\000L\000D\000C\000\051}{subsection.7.1}% 28
\BOOKMARK [3][-]{subsubsection.7.1.6}{\376\377\000A\000l\000t\000e\000r\000-\000A\000w\000a\000r\000e\000\040\000S\000u\000b\000s\000y\000s\000t\000e\000m\000\040\000\050\000A\000A\000S\000\051}{subsection.7.1}% 29
\BOOKMARK [3][-]{subsubsection.7.1.7}{\376\377\000C\000l\000i\000n\000i\000c\000i\000a\000n\000\040\000a\000n\000d\000\040\000C\000a\000r\000e\000g\000i\000v\000e\000r\000\040\000I\000n\000t\000e\000r\000f\000a\000c\000e\000\040\000\050\000C\000C\000I\000\051}{subsection.7.1}% 30
\BOOKMARK [2][-]{subsection.7.2}{\376\377\000E\000n\000t\000r\000o\000p\000y\000\040\000L\000o\000o\000p\000\040\000I\000m\000p\000l\000e\000m\000e\000n\000t\000a\000t\000i\000o\000n}{section.7}% 31
\BOOKMARK [1][-]{section.8}{\376\377\000E\000n\000h\000a\000n\000c\000e\000d\000\040\000S\000y\000s\000t\000e\000m\000\040\000D\000e\000s\000i\000g\000n\000\040\000a\000n\000d\000\040\000T\000e\000c\000h\000n\000i\000c\000a\000l\000\040\000A\000r\000c\000h\000i\000t\000e\000c\000t\000u\000r\000e}{}% 32
\BOOKMARK [2][-]{subsection.8.1}{\376\377\000C\000o\000r\000e\000\040\000C\000o\000m\000p\000o\000n\000e\000n\000t\000s\000\040\000a\000n\000d\000\040\000A\000r\000c\000h\000i\000t\000e\000c\000t\000u\000r\000e\000\040\000I\000n\000t\000e\000g\000r\000a\000t\000i\000o\000n}{section.8}% 33
\BOOKMARK [2][-]{subsection.8.2}{\376\377\000P\000r\000i\000v\000a\000c\000y\000-\000P\000r\000e\000s\000e\000r\000v\000i\000n\000g\000\040\000E\000v\000i\000d\000e\000n\000c\000e\000\040\000C\000o\000l\000l\000e\000c\000t\000i\000o\000n\000\040\000a\000n\000d\000\040\000D\000o\000c\000u\000m\000e\000n\000t\000a\000t\000i\000o\000n}{section.8}% 34
\BOOKMARK [2][-]{subsection.8.3}{\376\377\000A\000I\000-\000P\000o\000w\000e\000r\000e\000d\000\040\000R\000i\000s\000k\000\040\000A\000s\000s\000e\000s\000s\000m\000e\000n\000t\000\040\000a\000n\000d\000\040\000C\000r\000i\000s\000i\000s\000\040\000I\000n\000t\000e\000r\000v\000e\000n\000t\000i\000o\000n}{section.8}% 35
\BOOKMARK [1][-]{section.9}{\376\377\000P\000r\000o\000t\000e\000c\000t\000i\000v\000e\000\040\000L\000o\000g\000i\000c\000:\000\040\000P\000a\000t\000t\000e\000r\000n\000\040\000R\000e\000c\000o\000g\000n\000i\000t\000i\000o\000n\000\040\000D\000u\000r\000i\000n\000g\000\040\000F\000r\000a\000g\000m\000e\000n\000t\000a\000t\000i\000o\000n}{}% 36
\BOOKMARK [1][-]{section.10}{\376\377\000C\000l\000i\000n\000i\000c\000a\000l\000\040\000A\000p\000p\000l\000i\000c\000a\000t\000i\000o\000n\000s\000\040\000a\000n\000d\000\040\000S\000p\000e\000c\000i\000a\000l\000i\000z\000e\000d\000\040\000P\000r\000o\000t\000o\000c\000o\000l\000s}{}% 37
\BOOKMARK [2][-]{subsection.10.1}{\376\377\000B\000o\000r\000d\000e\000r\000l\000i\000n\000e\000\040\000P\000e\000r\000s\000o\000n\000a\000l\000i\000t\000y\000\040\000D\000i\000s\000o\000r\000d\000e\000r\000\040\000A\000p\000p\000l\000i\000c\000a\000t\000i\000o\000n\000s\000\040\000a\000n\000d\000\040\000N\000e\000u\000r\000o\000p\000l\000a\000s\000t\000i\000c\000i\000t\000y\000\040\000O\000p\000t\000i\000m\000i\000z\000a\000t\000i\000o\000n}{section.10}% 38
\BOOKMARK [2][-]{subsection.10.2}{\376\377\000C\000o\000m\000p\000l\000e\000x\000\040\000P\000T\000S\000D\000\040\000I\000n\000t\000e\000g\000r\000a\000t\000i\000o\000n\000\040\000a\000n\000d\000\040\000T\000r\000a\000u\000m\000a\000-\000I\000n\000f\000o\000r\000m\000e\000d\000\040\000I\000n\000t\000e\000r\000v\000e\000n\000t\000i\000o\000n}{section.10}% 39
\BOOKMARK [2][-]{subsection.10.3}{\376\377\000G\000r\000o\000u\000n\000d\000i\000n\000g\000\040\000F\000r\000a\000g\000m\000e\000n\000t\000a\000t\000i\000o\000n\000\040\000i\000n\000\040\000M\000e\000n\000t\000a\000l\000\040\000I\000l\000l\000n\000e\000s\000s\000e\000s\000:\000\040\000R\000e\000U\000n\000i\000t\000y\000'\000s\000\040\000C\000o\000r\000e\000\040\000M\000i\000s\000s\000i\000o\000n}{section.10}% 40
\BOOKMARK [3][-]{subsubsection.10.3.1}{\376\377\000D\000i\000s\000s\000o\000c\000i\000a\000t\000i\000v\000e\000\040\000I\000d\000e\000n\000t\000i\000t\000y\000\040\000D\000i\000s\000o\000r\000d\000e\000r\000\040\000\050\000D\000I\000D\000\051\000\040\000S\000u\000p\000p\000o\000r\000t}{subsection.10.3}% 41
\BOOKMARK [3][-]{subsubsection.10.3.2}{\376\377\000P\000T\000S\000D\000\040\000a\000n\000d\000\040\000C\000o\000m\000p\000l\000e\000x\000\040\000P\000T\000S\000D\000\040\000G\000r\000o\000u\000n\000d\000i\000n\000g}{subsection.10.3}% 42
\BOOKMARK [3][-]{subsubsection.10.3.3}{\376\377\000S\000c\000h\000i\000z\000o\000p\000h\000r\000e\000n\000i\000a\000\040\000a\000n\000d\000\040\000S\000c\000h\000i\000z\000o\000a\000f\000f\000e\000c\000t\000i\000v\000e\000\040\000D\000i\000s\000o\000r\000d\000e\000r\000\040\000R\000e\000a\000l\000i\000t\000y\000\040\000T\000e\000s\000t\000i\000n\000g}{subsection.10.3}% 43
\BOOKMARK [3][-]{subsubsection.10.3.4}{\376\377\000B\000o\000r\000d\000e\000r\000l\000i\000n\000e\000\040\000P\000e\000r\000s\000o\000n\000a\000l\000i\000t\000y\000\040\000D\000i\000s\000o\000r\000d\000e\000r\000\040\000\050\000B\000P\000D\000\051\000\040\000C\000o\000n\000t\000i\000n\000u\000i\000t\000y}{subsection.10.3}% 44
\BOOKMARK [3][-]{subsubsection.10.3.5}{\376\377\000B\000i\000p\000o\000l\000a\000r\000\040\000I\000\040\000D\000i\000s\000o\000r\000d\000e\000r\000\040\000T\000r\000a\000n\000s\000i\000t\000i\000o\000n\000\040\000S\000u\000p\000p\000o\000r\000t}{subsection.10.3}% 45
\BOOKMARK [3][-]{subsubsection.10.3.6}{\376\377\000P\000r\000o\000t\000e\000c\000t\000i\000v\000e\000\040\000L\000o\000g\000i\000c\000\040\000D\000u\000r\000i\000n\000g\000\040\000V\000u\000l\000n\000e\000r\000a\000b\000i\000l\000i\000t\000y}{subsection.10.3}% 46
\BOOKMARK [2][-]{subsection.10.4}{\376\377\000D\000i\000s\000s\000o\000c\000i\000a\000t\000i\000v\000e\000\040\000I\000d\000e\000n\000t\000i\000t\000y\000\040\000D\000i\000s\000o\000r\000d\000e\000r\000\040\000S\000u\000p\000p\000o\000r\000t\000\040\000a\000n\000d\000\040\000P\000l\000u\000r\000a\000l\000\040\000C\000o\000n\000s\000c\000i\000o\000u\000s\000n\000e\000s\000s\000\040\000R\000e\000c\000o\000g\000n\000i\000t\000i\000o\000n}{section.10}% 47
\BOOKMARK [1][-]{section.11}{\376\377\000A\000d\000v\000a\000n\000c\000e\000d\000\040\000P\000r\000i\000v\000a\000c\000y\000\040\000a\000n\000d\000\040\000S\000e\000c\000u\000r\000i\000t\000y\000\040\000P\000r\000o\000t\000o\000c\000o\000l\000s}{}% 48
\BOOKMARK [2][-]{subsection.11.1}{\376\377\000Q\000u\000a\000n\000t\000u\000m\000-\000R\000e\000s\000i\000s\000t\000a\000n\000t\000\040\000C\000r\000y\000p\000t\000o\000g\000r\000a\000p\000h\000y\000\040\000I\000m\000p\000l\000e\000m\000e\000n\000t\000a\000t\000i\000o\000n}{section.11}% 49
\BOOKMARK [2][-]{subsection.11.2}{\376\377\000A\000n\000t\000i\000-\000F\000o\000r\000e\000n\000s\000i\000c\000\040\000M\000e\000a\000s\000u\000r\000e\000s\000\040\000a\000n\000d\000\040\000D\000a\000t\000a\000\040\000P\000r\000o\000t\000e\000c\000t\000i\000o\000n}{section.11}% 50
\BOOKMARK [2][-]{subsection.11.3}{\376\377\000P\000r\000i\000v\000a\000c\000y\000-\000P\000r\000e\000s\000e\000r\000v\000i\000n\000g\000\040\000A\000n\000a\000l\000y\000t\000i\000c\000s\000\040\000a\000n\000d\000\040\000H\000o\000m\000o\000m\000o\000r\000p\000h\000i\000c\000\040\000E\000n\000c\000r\000y\000p\000t\000i\000o\000n}{section.11}% 51
\BOOKMARK [1][-]{section.12}{\376\377\000L\000i\000m\000i\000t\000a\000t\000i\000o\000n\000s}{}% 52
\BOOKMARK [2][-]{subsection.12.1}{\376\377\000D\000a\000t\000a\000s\000e\000t\000\040\000L\000i\000m\000i\000t\000a\000t\000i\000o\000n\000s}{section.12}% 53
\BOOKMARK [2][-]{subsection.12.2}{\376\377\000C\000l\000i\000n\000i\000c\000a\000l\000\040\000V\000a\000l\000i\000d\000a\000t\000i\000o\000n}{section.12}% 54
\BOOKMARK [2][-]{subsection.12.3}{\376\377\000D\000e\000p\000l\000o\000y\000m\000e\000n\000t\000\040\000C\000o\000n\000s\000t\000r\000a\000i\000n\000t\000s}{section.12}% 55
\BOOKMARK [2][-]{subsection.12.4}{\376\377\000S\000c\000o\000p\000e\000\040\000o\000f\000\040\000P\000a\000t\000t\000e\000r\000n\000\040\000R\000e\000c\000o\000g\000n\000i\000t\000i\000o\000n}{section.12}% 56
\BOOKMARK [1][-]{section.13}{\376\377\000D\000i\000s\000c\000u\000s\000s\000i\000o\000n}{}% 57
\BOOKMARK [1][-]{section.14}{\376\377\000C\000o\000n\000c\000l\000u\000s\000i\000o\000n}{}% 58
\BOOKMARK [2][-]{subsection.14.1}{\376\377\000W\000h\000a\000t\000\040\000R\000e\000U\000n\000i\000t\000y\000\040\000I\000s\000\040\000B\000e\000c\000o\000m\000i\000n\000g}{section.14}% 59
\BOOKMARK [1][-]{appendix.A}{\376\377\000D\000a\000t\000a\000\040\000S\000o\000u\000r\000c\000e\000s\000\040\000a\000n\000d\000\040\000P\000r\000o\000v\000e\000n\000a\000n\000c\000e}{}% 60
\BOOKMARK [2][-]{subsection.A.1}{\376\377\000G\000o\000E\000m\000o\000t\000i\000o\000n\000s\000\040\000D\000a\000t\000a\000s\000e\000t}{appendix.A}% 61
\BOOKMARK [2][-]{subsection.A.2}{\376\377\000R\000e\000p\000r\000o\000d\000u\000c\000i\000b\000i\000l\000i\000t\000y}{appendix.A}% 62
\BOOKMARK [1][-]{appendix.B}{\376\377\000E\000x\000t\000e\000n\000d\000e\000d\000\040\000S\000o\000c\000i\000a\000l\000\040\000a\000n\000d\000\040\000C\000o\000n\000t\000e\000x\000t\000u\000a\000l\000\040\000S\000t\000a\000t\000i\000s\000t\000i\000c\000s}{}% 63
\BOOKMARK [2][-]{subsection.B.1}{\376\377\000F\000o\000u\000n\000d\000e\000r\000'\000s\000\040\000V\000i\000s\000i\000o\000n\000\040\000a\000n\000d\000\040\000L\000i\000v\000e\000d\000\040\000E\000x\000p\000e\000r\000i\000e\000n\000c\000e}{appendix.B}% 64
\BOOKMARK [2][-]{subsection.B.2}{\376\377\000P\000e\000r\000s\000o\000n\000a\000l\000\040\000J\000o\000u\000r\000n\000e\000y\000\040\000T\000h\000r\000o\000u\000g\000h\000\040\000I\000n\000s\000t\000i\000t\000u\000t\000i\000o\000n\000a\000l\000\040\000B\000e\000t\000r\000a\000y\000a\000l}{appendix.B}% 65
\BOOKMARK [2][-]{subsection.B.3}{\376\377\000F\000r\000o\000m\000\040\000S\000u\000r\000v\000i\000v\000a\000l\000\040\000t\000o\000\040\000I\000n\000n\000o\000v\000a\000t\000i\000o\000n}{appendix.B}% 66
\BOOKMARK [2][-]{subsection.B.4}{\376\377\000C\000a\000s\000e\000\040\000S\000t\000u\000d\000i\000e\000s\000\040\000a\000n\000d\000\040\000R\000e\000a\000l\000-\000W\000o\000r\000l\000d\000\040\000A\000p\000p\000l\000i\000c\000a\000t\000i\000o\000n\000s}{appendix.B}% 67
\BOOKMARK [2][-]{subsection.B.5}{\376\377\000M\000o\000n\000t\000a\000n\000a\000\040\000S\000t\000a\000t\000e\000\040\000U\000n\000i\000v\000e\000r\000s\000i\000t\000y\000:\000\040\000I\000n\000s\000t\000i\000t\000u\000t\000i\000o\000n\000a\000l\000\040\000B\000e\000t\000r\000a\000y\000a\000l\000\040\000a\000n\000d\000\040\000F\000e\000d\000e\000r\000a\000l\000\040\000G\000r\000a\000n\000t\000\040\000C\000a\000p\000t\000u\000r\000e}{appendix.B}% 68
\BOOKMARK [2][-]{subsection.B.6}{\376\377\000D\000a\000r\000c\000y\000\040\000B\000u\000h\000m\000a\000n\000n\000\040\000C\000a\000s\000e\000:\000\040\000R\000u\000r\000a\000l\000\040\000H\000e\000a\000l\000t\000h\000c\000a\000r\000e\000\040\000A\000c\000c\000e\000s\000s\000\040\000a\000n\000d\000\040\000I\000n\000t\000e\000r\000v\000e\000n\000t\000i\000o\000n\000\040\000F\000a\000i\000l\000u\000r\000e\000s}{appendix.B}% 69
\BOOKMARK [2][-]{subsection.B.7}{\376\377\000R\000u\000r\000a\000l\000\040\000A\000c\000c\000e\000s\000s\000i\000b\000i\000l\000i\000t\000y\000\040\000V\000i\000o\000l\000a\000t\000i\000o\000n\000s\000\040\000a\000n\000d\000\040\000C\000i\000v\000i\000l\000\040\000R\000i\000g\000h\000t\000s\000\040\000E\000n\000f\000o\000r\000c\000e\000m\000e\000n\000t}{appendix.B}% 70
\BOOKMARK [2][-]{subsection.B.8}{\376\377\000G\000l\000o\000b\000a\000l\000\040\000I\000m\000p\000l\000e\000m\000e\000n\000t\000a\000t\000i\000o\000n\000\040\000a\000n\000d\000\040\000C\000u\000l\000t\000u\000r\000a\000l\000\040\000A\000d\000a\000p\000t\000a\000t\000i\000o\000n}{appendix.B}% 71
\BOOKMARK [2][-]{subsection.B.9}{\376\377\000I\000n\000t\000e\000r\000n\000a\000t\000i\000o\000n\000a\000l\000\040\000D\000e\000p\000l\000o\000y\000m\000e\000n\000t\000\040\000S\000t\000r\000a\000t\000e\000g\000i\000e\000s\000\040\000a\000n\000d\000\040\000C\000u\000l\000t\000u\000r\000a\000l\000\040\000R\000e\000s\000p\000o\000n\000s\000i\000v\000e\000n\000e\000s\000s}{appendix.B}% 72
\BOOKMARK [2][-]{subsection.B.10}{\376\377\000C\000r\000o\000s\000s\000-\000B\000o\000r\000d\000e\000r\000\040\000P\000r\000i\000v\000a\000c\000y\000\040\000P\000r\000o\000t\000e\000c\000t\000i\000o\000n\000\040\000a\000n\000d\000\040\000L\000e\000g\000a\000l\000\040\000F\000r\000a\000m\000e\000w\000o\000r\000k\000s}{appendix.B}% 73
\BOOKMARK [2][-]{subsection.B.11}{\376\377\000S\000t\000a\000t\000e\000-\000L\000e\000v\000e\000l\000\040\000A\000d\000v\000o\000c\000a\000c\000y\000\040\000a\000n\000d\000\040\000P\000o\000l\000i\000c\000y\000\040\000I\000m\000p\000l\000e\000m\000e\000n\000t\000a\000t\000i\000o\000n}{appendix.B}% 74
\BOOKMARK [2][-]{subsection.B.12}{\376\377\000M\000o\000n\000t\000a\000n\000a\000\040\000D\000o\000m\000e\000s\000t\000i\000c\000\040\000V\000i\000o\000l\000e\000n\000c\000e\000\040\000P\000o\000l\000i\000c\000y\000\040\000R\000e\000f\000o\000r\000m}{appendix.B}% 75
\BOOKMARK [2][-]{subsection.B.13}{\376\377\000M\000u\000l\000t\000i\000-\000S\000t\000a\000t\000e\000\040\000C\000o\000o\000r\000d\000i\000n\000a\000t\000i\000o\000n\000\040\000a\000n\000d\000\040\000R\000e\000g\000i\000o\000n\000a\000l\000\040\000C\000o\000o\000p\000e\000r\000a\000t\000i\000o\000n}{appendix.B}% 76
\BOOKMARK [2][-]{subsection.B.14}{\376\377\000I\000n\000t\000e\000r\000n\000a\000t\000i\000o\000n\000a\000l\000\040\000C\000o\000o\000p\000e\000r\000a\000t\000i\000o\000n\000\040\000a\000n\000d\000\040\000G\000l\000o\000b\000a\000l\000\040\000I\000m\000p\000l\000e\000m\000e\000n\000t\000a\000t\000i\000o\000n}{appendix.B}% 77
\BOOKMARK [2][-]{subsection.B.15}{\376\377\000I\000n\000t\000e\000r\000n\000a\000t\000i\000o\000n\000a\000l\000\040\000F\000r\000a\000m\000e\000w\000o\000r\000k\000\040\000f\000o\000r\000\040\000D\000o\000m\000e\000s\000t\000i\000c\000\040\000V\000i\000o\000l\000e\000n\000c\000e\000\040\000I\000n\000t\000e\000r\000v\000e\000n\000t\000i\000o\000n}{appendix.B}% 78
\BOOKMARK [2][-]{subsection.B.16}{\376\377\000G\000l\000o\000b\000a\000l\000\040\000D\000a\000t\000a\000\040\000S\000o\000v\000e\000r\000e\000i\000g\000n\000t\000y\000\040\000a\000n\000d\000\040\000P\000r\000i\000v\000a\000c\000y\000\040\000P\000r\000o\000t\000e\000c\000t\000i\000o\000n}{appendix.B}% 79
\BOOKMARK [2][-]{subsection.B.17}{\376\377\000C\000o\000m\000p\000r\000e\000h\000e\000n\000s\000i\000v\000e\000\040\000C\000a\000s\000e\000\040\000S\000t\000u\000d\000y\000\040\000A\000n\000a\000l\000y\000s\000i\000s}{appendix.B}% 80
\BOOKMARK [2][-]{subsection.B.18}{\376\377\000M\000o\000n\000t\000a\000n\000a\000\040\000S\000t\000a\000t\000e\000\040\000U\000n\000i\000v\000e\000r\000s\000i\000t\000y\000:\000\040\000S\000y\000s\000t\000e\000m\000a\000t\000i\000c\000\040\000I\000n\000s\000t\000i\000t\000u\000t\000i\000o\000n\000a\000l\000\040\000A\000b\000u\000s\000e\000\040\000D\000o\000c\000u\000m\000e\000n\000t\000a\000t\000i\000o\000n}{appendix.B}% 81
\BOOKMARK [2][-]{subsection.B.19}{\376\377\000R\000u\000r\000a\000l\000\040\000H\000e\000a\000l\000t\000h\000c\000a\000r\000e\000\040\000A\000c\000c\000e\000s\000s\000\040\000B\000a\000r\000r\000i\000e\000r\000s\000\040\000a\000n\000d\000\040\000P\000r\000o\000v\000i\000d\000e\000r\000\040\000S\000h\000o\000r\000t\000a\000g\000e\000s}{appendix.B}% 82
\BOOKMARK [2][-]{subsection.B.20}{\376\377\000N\000e\000u\000r\000o\000p\000l\000a\000s\000t\000i\000c\000i\000t\000y\000\040\000W\000i\000n\000d\000o\000w\000\040\000a\000n\000d\000\040\000I\000n\000t\000e\000r\000v\000e\000n\000t\000i\000o\000n\000\040\000T\000i\000m\000i\000n\000g}{appendix.B}% 83
\BOOKMARK [2][-]{subsection.B.21}{\376\377\000I\000n\000t\000e\000r\000n\000a\000t\000i\000o\000n\000a\000l\000\040\000C\000o\000o\000p\000e\000r\000a\000t\000i\000o\000n\000\040\000a\000n\000d\000\040\000T\000e\000c\000h\000n\000o\000l\000o\000g\000y\000\040\000T\000r\000a\000n\000s\000f\000e\000r}{appendix.B}% 84
\BOOKMARK [2][-]{subsection.B.22}{\376\377\000G\000l\000o\000b\000a\000l\000\040\000I\000m\000p\000l\000e\000m\000e\000n\000t\000a\000t\000i\000o\000n\000\040\000F\000r\000a\000m\000e\000w\000o\000r\000k}{appendix.B}% 85
\BOOKMARK [2][-]{subsection.B.23}{\376\377\000C\000r\000o\000s\000s\000-\000B\000o\000r\000d\000e\000r\000\040\000P\000r\000i\000v\000a\000c\000y\000\040\000a\000n\000d\000\040\000S\000e\000c\000u\000r\000i\000t\000y\000\040\000C\000o\000o\000r\000d\000i\000n\000a\000t\000i\000o\000n}{appendix.B}% 86
\BOOKMARK [2][-]{subsection.B.24}{\376\377\000C\000o\000m\000p\000r\000e\000h\000e\000n\000s\000i\000v\000e\000\040\000C\000a\000s\000e\000\040\000S\000t\000u\000d\000y\000\040\000A\000n\000a\000l\000y\000s\000i\000s}{appendix.B}% 87
\BOOKMARK [2][-]{subsection.B.25}{\376\377\000M\000o\000n\000t\000a\000n\000a\000\040\000S\000t\000a\000t\000e\000\040\000U\000n\000i\000v\000e\000r\000s\000i\000t\000y\000\040\000I\000n\000s\000t\000i\000t\000u\000t\000i\000o\000n\000a\000l\000\040\000B\000e\000t\000r\000a\000y\000a\000l\000\040\000D\000o\000c\000u\000m\000e\000n\000t\000a\000t\000i\000o\000n}{appendix.B}% 88
\BOOKMARK [2][-]{subsection.B.26}{\376\377\000D\000a\000r\000c\000y\000\040\000B\000u\000h\000m\000a\000n\000n\000\040\000C\000a\000s\000e\000:\000\040\000E\000s\000c\000a\000l\000a\000t\000i\000o\000n\000\040\000P\000a\000t\000t\000e\000r\000n\000\040\000A\000n\000a\000l\000y\000s\000i\000s}{appendix.B}% 89
\BOOKMARK [1][-]{appendix.C}{\376\377\000M\000a\000t\000h\000e\000m\000a\000t\000i\000c\000a\000l\000\040\000D\000e\000r\000i\000v\000a\000t\000i\000o\000n\000s\000\040\000a\000n\000d\000\040\000C\000o\000d\000e\000\040\000E\000x\000a\000m\000p\000l\000e\000s}{}% 90
\BOOKMARK [2][-]{subsection.C.1}{\376\377\000T\000e\000c\000h\000n\000i\000c\000a\000l\000\040\000I\000m\000p\000l\000e\000m\000e\000n\000t\000a\000t\000i\000o\000n\000:\000\040\000P\000y\000t\000h\000o\000n\000\040\000C\000o\000d\000e\000\040\000E\000x\000a\000m\000p\000l\000e\000s}{appendix.C}% 91
\BOOKMARK [2][-]{subsection.C.2}{\376\377\000C\000o\000r\000e\000\040\000M\000a\000t\000h\000e\000m\000a\000t\000i\000c\000a\000l\000\040\000F\000u\000n\000c\000t\000i\000o\000n\000s}{appendix.C}% 92
\BOOKMARK [2][-]{subsection.C.3}{\376\377\000A\000I\000\040\000M\000i\000r\000r\000o\000r\000\040\000S\000y\000s\000t\000e\000m\000\040\000C\000o\000m\000p\000o\000n\000e\000n\000t\000s}{appendix.C}% 93
\BOOKMARK [2][-]{subsection.C.4}{\376\377\000F\000r\000e\000e\000\040\000E\000n\000e\000r\000g\000y\000\040\000P\000r\000i\000n\000c\000i\000p\000l\000e\000\040\000A\000p\000p\000l\000i\000c\000a\000t\000i\000o\000n\000s}{appendix.C}% 94
\BOOKMARK [1][-]{appendix.D}{\376\377\000I\000m\000p\000l\000e\000m\000e\000n\000t\000a\000t\000i\000o\000n\000\040\000a\000n\000d\000\040\000T\000e\000c\000h\000n\000i\000c\000a\000l\000\040\000D\000e\000t\000a\000i\000l\000s}{}% 95
\BOOKMARK [2][-]{subsection.D.1}{\376\377\000D\000a\000t\000a\000\040\000A\000s\000s\000e\000t\000s\000\040\000a\000n\000d\000\040\000P\000r\000i\000v\000a\000c\000y\000-\000P\000r\000e\000s\000e\000r\000v\000i\000n\000g\000\040\000C\000o\000l\000l\000e\000c\000t\000i\000o\000n\000\040\000M\000e\000t\000h\000o\000d\000s}{appendix.D}% 96
\BOOKMARK [2][-]{subsection.D.2}{\376\377\000C\000o\000m\000m\000u\000n\000i\000t\000y\000-\000C\000o\000n\000t\000r\000o\000l\000l\000e\000d\000\040\000D\000a\000t\000a\000\040\000G\000o\000v\000e\000r\000n\000a\000n\000c\000e}{appendix.D}% 97
\BOOKMARK [2][-]{subsection.D.3}{\376\377\000P\000r\000i\000v\000a\000c\000y\000-\000P\000r\000e\000s\000e\000r\000v\000i\000n\000g\000\040\000D\000a\000t\000a\000\040\000C\000o\000l\000l\000e\000c\000t\000i\000o\000n\000\040\000A\000r\000c\000h\000i\000t\000e\000c\000t\000u\000r\000e}{appendix.D}% 98
\BOOKMARK [2][-]{subsection.D.4}{\376\377\000A\000n\000t\000i\000-\000F\000o\000r\000e\000n\000s\000i\000c\000\040\000M\000e\000a\000s\000u\000r\000e\000s\000\040\000a\000n\000d\000\040\000S\000u\000r\000v\000i\000v\000o\000r\000\040\000S\000a\000f\000e\000t\000y}{appendix.D}% 99
\BOOKMARK [2][-]{subsection.D.5}{\376\377\000C\000o\000m\000p\000r\000e\000h\000e\000n\000s\000i\000v\000e\000\040\000T\000e\000c\000h\000n\000i\000c\000a\000l\000\040\000I\000m\000p\000l\000e\000m\000e\000n\000t\000a\000t\000i\000o\000n\000\040\000D\000e\000t\000a\000i\000l\000s}{appendix.D}% 100
\BOOKMARK [2][-]{subsection.D.6}{\376\377\000A\000d\000v\000a\000n\000c\000e\000d\000\040\000M\000a\000c\000h\000i\000n\000e\000\040\000L\000e\000a\000r\000n\000i\000n\000g\000\040\000A\000r\000c\000h\000i\000t\000e\000c\000t\000u\000r\000e}{appendix.D}% 101
\BOOKMARK [2][-]{subsection.D.7}{\376\377\000Q\000u\000a\000n\000t\000u\000m\000-\000R\000e\000s\000i\000s\000t\000a\000n\000t\000\040\000C\000r\000y\000p\000t\000o\000g\000r\000a\000p\000h\000i\000c\000\040\000I\000m\000p\000l\000e\000m\000e\000n\000t\000a\000t\000i\000o\000n}{appendix.D}% 102
\BOOKMARK [2][-]{subsection.D.8}{\376\377\000A\000n\000t\000i\000-\000F\000o\000r\000e\000n\000s\000i\000c\000\040\000M\000e\000a\000s\000u\000r\000e\000s\000\040\000a\000n\000d\000\040\000D\000a\000t\000a\000\040\000P\000r\000o\000t\000e\000c\000t\000i\000o\000n}{appendix.D}% 103
\BOOKMARK [2][-]{subsection.D.9}{\376\377\000A\000d\000v\000a\000n\000c\000e\000d\000\040\000P\000r\000i\000v\000a\000c\000y\000-\000P\000r\000e\000s\000e\000r\000v\000i\000n\000g\000\040\000A\000n\000a\000l\000y\000t\000i\000c\000s}{appendix.D}% 104
\BOOKMARK [2][-]{subsection.D.10}{\376\377\000H\000o\000m\000o\000m\000o\000r\000p\000h\000i\000c\000\040\000E\000n\000c\000r\000y\000p\000t\000i\000o\000n\000\040\000f\000o\000r\000\040\000C\000o\000l\000l\000a\000b\000o\000r\000a\000t\000i\000v\000e\000\040\000A\000n\000a\000l\000y\000s\000i\000s}{appendix.D}% 105
\BOOKMARK [2][-]{subsection.D.11}{\376\377\000D\000i\000f\000f\000e\000r\000e\000n\000t\000i\000a\000l\000\040\000P\000r\000i\000v\000a\000c\000y\000\040\000I\000m\000p\000l\000e\000m\000e\000n\000t\000a\000t\000i\000o\000n}{appendix.D}% 106
\BOOKMARK [2][-]{subsection.D.12}{\376\377\000A\000d\000v\000a\000n\000c\000e\000d\000\040\000B\000i\000o\000m\000a\000r\000k\000e\000r\000\040\000I\000n\000t\000e\000g\000r\000a\000t\000i\000o\000n\000\040\000a\000n\000d\000\040\000P\000h\000y\000s\000i\000o\000l\000o\000g\000i\000c\000a\000l\000\040\000M\000o\000n\000i\000t\000o\000r\000i\000n\000g}{appendix.D}% 107
\BOOKMARK [2][-]{subsection.D.13}{\376\377\000W\000e\000a\000r\000a\000b\000l\000e\000\040\000T\000e\000c\000h\000n\000o\000l\000o\000g\000y\000\040\000I\000n\000t\000e\000g\000r\000a\000t\000i\000o\000n}{appendix.D}% 108
\BOOKMARK [2][-]{subsection.D.14}{\376\377\000V\000o\000i\000c\000e\000\040\000B\000i\000o\000m\000a\000r\000k\000e\000r\000\040\000A\000n\000a\000l\000y\000s\000i\000s}{appendix.D}% 109
\BOOKMARK [2][-]{subsection.D.15}{\376\377\000S\000l\000e\000e\000p\000\040\000P\000a\000t\000t\000e\000r\000n\000\040\000A\000n\000a\000l\000y\000s\000i\000s\000\040\000a\000n\000d\000\040\000T\000r\000a\000u\000m\000a\000\040\000R\000e\000c\000o\000v\000e\000r\000y\000\040\000M\000o\000n\000i\000t\000o\000r\000i\000n\000g}{appendix.D}% 110
\BOOKMARK [2][-]{subsection.D.16}{\376\377\000Q\000u\000a\000n\000t\000u\000m\000\040\000C\000o\000m\000p\000u\000t\000i\000n\000g\000\040\000A\000p\000p\000l\000i\000c\000a\000t\000i\000o\000n\000s\000\040\000a\000n\000d\000\040\000A\000d\000v\000a\000n\000c\000e\000d\000\040\000C\000r\000y\000p\000t\000o\000g\000r\000a\000p\000h\000y}{appendix.D}% 111
\BOOKMARK [2][-]{subsection.D.17}{\376\377\000Q\000u\000a\000n\000t\000u\000m\000\040\000M\000a\000c\000h\000i\000n\000e\000\040\000L\000e\000a\000r\000n\000i\000n\000g\000\040\000I\000n\000t\000e\000g\000r\000a\000t\000i\000o\000n}{appendix.D}% 112
\BOOKMARK [2][-]{subsection.D.18}{\376\377\000Q\000u\000a\000n\000t\000u\000m\000\040\000C\000r\000y\000p\000t\000o\000g\000r\000a\000p\000h\000i\000c\000\040\000P\000r\000o\000t\000o\000c\000o\000l\000s}{appendix.D}% 113
\BOOKMARK [2][-]{subsection.D.19}{\376\377\000C\000o\000m\000p\000r\000e\000h\000e\000n\000s\000i\000v\000e\000\040\000T\000r\000a\000i\000n\000i\000n\000g\000\040\000a\000n\000d\000\040\000C\000a\000p\000a\000c\000i\000t\000y\000\040\000B\000u\000i\000l\000d\000i\000n\000g\000\040\000P\000r\000o\000g\000r\000a\000m\000s}{appendix.D}% 114
\BOOKMARK [2][-]{subsection.D.20}{\376\377\000C\000o\000m\000m\000u\000n\000i\000t\000y\000\040\000A\000d\000v\000o\000c\000a\000t\000e\000\040\000T\000r\000a\000i\000n\000i\000n\000g\000\040\000C\000u\000r\000r\000i\000c\000u\000l\000u\000m}{appendix.D}% 115
\BOOKMARK [2][-]{subsection.D.21}{\376\377\000H\000e\000a\000l\000t\000h\000c\000a\000r\000e\000\040\000P\000r\000o\000v\000i\000d\000e\000r\000\040\000E\000d\000u\000c\000a\000t\000i\000o\000n\000\040\000a\000n\000d\000\040\000C\000e\000r\000t\000i\000f\000i\000c\000a\000t\000i\000o\000n}{appendix.D}% 116
\BOOKMARK [2][-]{subsection.D.22}{\376\377\000T\000e\000c\000h\000n\000o\000l\000o\000g\000y\000\040\000U\000s\000e\000r\000\040\000T\000r\000a\000i\000n\000i\000n\000g\000\040\000a\000n\000d\000\040\000D\000i\000g\000i\000t\000a\000l\000\040\000L\000i\000t\000e\000r\000a\000c\000y}{appendix.D}% 117
\BOOKMARK [2][-]{subsection.D.23}{\376\377\000C\000o\000m\000p\000r\000e\000h\000e\000n\000s\000i\000v\000e\000\040\000E\000v\000a\000l\000u\000a\000t\000i\000o\000n\000\040\000a\000n\000d\000\040\000Q\000u\000a\000l\000i\000t\000y\000\040\000A\000s\000s\000u\000r\000a\000n\000c\000e\000\040\000F\000r\000a\000m\000e\000w\000o\000r\000k}{appendix.D}% 118
\BOOKMARK [2][-]{subsection.D.24}{\376\377\000O\000u\000t\000c\000o\000m\000e\000\040\000M\000e\000a\000s\000u\000r\000e\000m\000e\000n\000t\000\040\000a\000n\000d\000\040\000I\000m\000p\000a\000c\000t\000\040\000A\000s\000s\000e\000s\000s\000m\000e\000n\000t}{appendix.D}% 119
\BOOKMARK [2][-]{subsection.D.25}{\376\377\000C\000o\000n\000t\000i\000n\000u\000o\000u\000s\000\040\000Q\000u\000a\000l\000i\000t\000y\000\040\000I\000m\000p\000r\000o\000v\000e\000m\000e\000n\000t\000\040\000P\000r\000o\000c\000e\000s\000s\000e\000s}{appendix.D}% 120
\BOOKMARK [2][-]{subsection.D.26}{\376\377\000A\000d\000v\000a\000n\000c\000e\000d\000\040\000T\000e\000c\000h\000n\000i\000c\000a\000l\000\040\000I\000m\000p\000l\000e\000m\000e\000n\000t\000a\000t\000i\000o\000n\000\040\000D\000e\000t\000a\000i\000l\000s}{appendix.D}% 121
\BOOKMARK [2][-]{subsection.D.27}{\376\377\000Q\000u\000a\000n\000t\000u\000m\000-\000R\000e\000s\000i\000s\000t\000a\000n\000t\000\040\000C\000r\000y\000p\000t\000o\000g\000r\000a\000p\000h\000i\000c\000\040\000A\000r\000c\000h\000i\000t\000e\000c\000t\000u\000r\000e}{appendix.D}% 122
\BOOKMARK [2][-]{subsection.D.28}{\376\377\000F\000e\000d\000e\000r\000a\000t\000e\000d\000\040\000L\000e\000a\000r\000n\000i\000n\000g\000\040\000I\000m\000p\000l\000e\000m\000e\000n\000t\000a\000t\000i\000o\000n\000\040\000f\000o\000r\000\040\000P\000r\000i\000v\000a\000c\000y\000-\000P\000r\000e\000s\000e\000r\000v\000i\000n\000g\000\040\000A\000n\000a\000l\000y\000t\000i\000c\000s}{appendix.D}% 123
\BOOKMARK [2][-]{subsection.D.29}{\376\377\000B\000l\000o\000c\000k\000c\000h\000a\000i\000n\000-\000B\000a\000s\000e\000d\000\040\000G\000o\000v\000e\000r\000n\000a\000n\000c\000e\000\040\000a\000n\000d\000\040\000R\000e\000s\000o\000u\000r\000c\000e\000\040\000A\000l\000l\000o\000c\000a\000t\000i\000o\000n}{appendix.D}% 124
\BOOKMARK [1][-]{appendix.E}{\376\377\000E\000c\000o\000n\000o\000m\000i\000c\000\040\000I\000m\000p\000a\000c\000t\000\040\000a\000n\000d\000\040\000P\000o\000l\000i\000c\000y\000\040\000A\000n\000a\000l\000y\000s\000i\000s}{}% 125
\BOOKMARK [2][-]{subsection.E.1}{\376\377\000E\000c\000o\000n\000o\000m\000i\000c\000\040\000I\000m\000p\000a\000c\000t\000\040\000a\000n\000d\000\040\000S\000u\000s\000t\000a\000i\000n\000a\000b\000i\000l\000i\000t\000y\000\040\000A\000n\000a\000l\000y\000s\000i\000s}{appendix.E}% 126
\BOOKMARK [2][-]{subsection.E.2}{\376\377\000C\000o\000m\000p\000r\000e\000h\000e\000n\000s\000i\000v\000e\000\040\000C\000o\000s\000t\000-\000B\000e\000n\000e\000f\000i\000t\000\040\000A\000n\000a\000l\000y\000s\000i\000s\000\040\000a\000n\000d\000\040\000E\000c\000o\000n\000o\000m\000i\000c\000\040\000M\000o\000d\000e\000l\000i\000n\000g}{appendix.E}% 127
\BOOKMARK [2][-]{subsection.E.3}{\376\377\000R\000e\000v\000e\000n\000u\000e\000-\000S\000h\000a\000r\000i\000n\000g\000\040\000a\000n\000d\000\040\000C\000o\000m\000m\000u\000n\000i\000t\000y\000\040\000I\000n\000v\000e\000s\000t\000m\000e\000n\000t\000\040\000M\000o\000d\000e\000l\000s}{appendix.E}% 128
\BOOKMARK [2][-]{subsection.E.4}{\376\377\000P\000o\000l\000i\000c\000y\000\040\000F\000r\000a\000m\000e\000w\000o\000r\000k\000\040\000a\000n\000d\000\040\000L\000e\000g\000a\000l\000\040\000R\000e\000f\000o\000r\000m}{appendix.E}% 129
\BOOKMARK [2][-]{subsection.E.5}{\376\377\000F\000e\000d\000e\000r\000a\000l\000\040\000G\000r\000a\000n\000t\000\040\000C\000a\000p\000t\000u\000r\000e\000\040\000a\000n\000d\000\040\000I\000n\000s\000t\000i\000t\000u\000t\000i\000o\000n\000a\000l\000\040\000A\000c\000c\000o\000u\000n\000t\000a\000b\000i\000l\000i\000t\000y}{appendix.E}% 130
\BOOKMARK [2][-]{subsection.E.6}{\376\377\000A\000c\000c\000e\000s\000s\000i\000b\000i\000l\000i\000t\000y\000\040\000C\000o\000m\000p\000l\000i\000a\000n\000c\000e\000\040\000a\000n\000d\000\040\000C\000i\000v\000i\000l\000\040\000R\000i\000g\000h\000t\000s\000\040\000E\000n\000f\000o\000r\000c\000e\000m\000e\000n\000t}{appendix.E}% 131
\BOOKMARK [2][-]{subsection.E.7}{\376\377\000C\000o\000m\000m\000u\000n\000i\000t\000y\000-\000C\000o\000n\000t\000r\000o\000l\000l\000e\000d\000\040\000D\000a\000t\000a\000\040\000T\000r\000u\000s\000t\000\040\000L\000e\000g\000a\000l\000\040\000F\000r\000a\000m\000e\000w\000o\000r\000k}{appendix.E}% 132
\BOOKMARK [2][-]{subsection.E.8}{\376\377\000D\000e\000v\000e\000l\000o\000p\000m\000e\000n\000t\000\040\000R\000o\000a\000d\000m\000a\000p\000\040\000a\000n\000d\000\040\000I\000m\000p\000l\000e\000m\000e\000n\000t\000a\000t\000i\000o\000n\000\040\000S\000t\000r\000a\000t\000e\000g\000y}{appendix.E}% 133
\BOOKMARK [2][-]{subsection.E.9}{\376\377\000P\000h\000a\000s\000e\000\040\0001\000:\000\040\000F\000o\000u\000n\000d\000a\000t\000i\000o\000n\000\040\000a\000n\000d\000\040\000P\000i\000l\000o\000t\000\040\000I\000m\000p\000l\000e\000m\000e\000n\000t\000a\000t\000i\000o\000n\000\040\000\050\000M\000o\000n\000t\000h\000s\000\040\0001\000-\0001\0002\000\051}{appendix.E}% 134
\BOOKMARK [2][-]{subsection.E.10}{\376\377\000P\000h\000a\000s\000e\000\040\0002\000:\000\040\000R\000e\000g\000i\000o\000n\000a\000l\000\040\000E\000x\000p\000a\000n\000s\000i\000o\000n\000\040\000a\000n\000d\000\040\000P\000o\000l\000i\000c\000y\000\040\000I\000n\000t\000e\000g\000r\000a\000t\000i\000o\000n\000\040\000\050\000M\000o\000n\000t\000h\000s\000\040\0001\0002\000-\0002\0004\000\051}{appendix.E}% 135
\BOOKMARK [2][-]{subsection.E.11}{\376\377\000P\000h\000a\000s\000e\000\040\0003\000:\000\040\000N\000a\000t\000i\000o\000n\000a\000l\000\040\000S\000c\000a\000l\000e\000\040\000a\000n\000d\000\040\000G\000l\000o\000b\000a\000l\000\040\000C\000o\000o\000p\000e\000r\000a\000t\000i\000o\000n\000\040\000\050\000M\000o\000n\000t\000h\000s\000\040\0002\0004\000-\0003\0006\000\051}{appendix.E}% 136
\BOOKMARK [2][-]{subsection.E.12}{\376\377\000C\000o\000m\000p\000r\000e\000h\000e\000n\000s\000i\000v\000e\000\040\000E\000c\000o\000n\000o\000m\000i\000c\000\040\000I\000m\000p\000a\000c\000t\000\040\000A\000n\000a\000l\000y\000s\000i\000s}{appendix.E}% 137
\BOOKMARK [2][-]{subsection.E.13}{\376\377\000H\000e\000a\000l\000t\000h\000c\000a\000r\000e\000\040\000C\000o\000s\000t\000\040\000R\000e\000d\000u\000c\000t\000i\000o\000n\000\040\000T\000h\000r\000o\000u\000g\000h\000\040\000E\000a\000r\000l\000y\000\040\000I\000n\000t\000e\000r\000v\000e\000n\000t\000i\000o\000n}{appendix.E}% 138
\BOOKMARK [2][-]{subsection.E.14}{\376\377\000C\000r\000i\000m\000i\000n\000a\000l\000\040\000J\000u\000s\000t\000i\000c\000e\000\040\000S\000y\000s\000t\000e\000m\000\040\000C\000o\000s\000t\000\040\000S\000a\000v\000i\000n\000g\000s}{appendix.E}% 139
\BOOKMARK [2][-]{subsection.E.15}{\376\377\000E\000m\000p\000l\000o\000y\000m\000e\000n\000t\000\040\000a\000n\000d\000\040\000P\000r\000o\000d\000u\000c\000t\000i\000v\000i\000t\000y\000\040\000I\000m\000p\000a\000c\000t\000\040\000A\000n\000a\000l\000y\000s\000i\000s}{appendix.E}% 140
\BOOKMARK [1][-]{appendix.F}{\376\377\000E\000x\000p\000e\000r\000i\000m\000e\000n\000t\000a\000l\000\040\000R\000e\000s\000u\000l\000t\000s}{}% 141
\BOOKMARK [2][-]{subsection.F.1}{\376\377\000E\000n\000t\000r\000o\000p\000y\000\040\000A\000n\000a\000l\000y\000s\000i\000s\000\040\000R\000e\000s\000u\000l\000t\000s}{appendix.F}% 142
\BOOKMARK [2][-]{subsection.F.2}{\376\377\000S\000t\000a\000t\000e\000\040\000C\000l\000a\000s\000s\000i\000f\000i\000c\000a\000t\000i\000o\000n\000\040\000R\000e\000s\000u\000l\000t\000s}{appendix.F}% 143
\BOOKMARK [2][-]{subsection.F.3}{\376\377\000P\000a\000t\000t\000e\000r\000n\000\040\000D\000e\000t\000e\000c\000t\000i\000o\000n\000\040\000R\000e\000s\000u\000l\000t\000s}{appendix.F}% 144
\BOOKMARK [2][-]{subsection.F.4}{\376\377\000S\000t\000a\000b\000i\000l\000i\000t\000y\000\040\000A\000n\000a\000l\000y\000s\000i\000s\000\040\000R\000e\000s\000u\000l\000t\000s}{appendix.F}% 145
\BOOKMARK [1][-]{appendix.G}{\376\377\000E\000x\000t\000e\000n\000d\000e\000d\000\040\000T\000e\000c\000h\000n\000i\000c\000a\000l\000\040\000R\000o\000a\000d\000m\000a\000p}{}% 146
\BOOKMARK [2][-]{subsection.G.1}{\376\377\000A\000d\000v\000a\000n\000c\000e\000d\000\040\000A\000I\000\040\000I\000n\000t\000e\000g\000r\000a\000t\000i\000o\000n\000\040\000a\000n\000d\000\040\000M\000u\000l\000t\000i\000m\000o\000d\000a\000l\000\040\000A\000n\000a\000l\000y\000s\000i\000s}{appendix.G}% 147
\BOOKMARK [2][-]{subsection.G.2}{\376\377\000B\000i\000o\000m\000a\000r\000k\000e\000r\000\040\000I\000n\000t\000e\000g\000r\000a\000t\000i\000o\000n\000\040\000a\000n\000d\000\040\000P\000h\000y\000s\000i\000o\000l\000o\000g\000i\000c\000a\000l\000\040\000M\000o\000n\000i\000t\000o\000r\000i\000n\000g}{appendix.G}% 148
\BOOKMARK [2][-]{subsection.G.3}{\376\377\000Q\000u\000a\000n\000t\000u\000m\000\040\000C\000o\000m\000p\000u\000t\000i\000n\000g\000\040\000A\000p\000p\000l\000i\000c\000a\000t\000i\000o\000n\000s\000\040\000a\000n\000d\000\040\000A\000d\000v\000a\000n\000c\000e\000d\000\040\000C\000r\000y\000p\000t\000o\000g\000r\000a\000p\000h\000y}{appendix.G}% 149
\BOOKMARK [2][-]{subsection.G.4}{\376\377\000T\000r\000a\000n\000s\000f\000o\000r\000m\000a\000t\000i\000v\000e\000\040\000V\000i\000s\000i\000o\000n\000\040\000f\000o\000r\000\040\000S\000y\000s\000t\000e\000m\000i\000c\000\040\000C\000h\000a\000n\000g\000e}{appendix.G}% 150
\BOOKMARK [2][-]{subsection.G.5}{\376\377\000P\000a\000r\000a\000d\000i\000g\000m\000\040\000S\000h\000i\000f\000t\000\040\000f\000r\000o\000m\000\040\000I\000n\000s\000t\000i\000t\000u\000t\000i\000o\000n\000a\000l\000\040\000C\000o\000n\000t\000r\000o\000l\000\040\000t\000o\000\040\000C\000o\000m\000m\000u\000n\000i\000t\000y\000\040\000E\000m\000p\000o\000w\000e\000r\000m\000e\000n\000t}{appendix.G}% 151
\BOOKMARK [2][-]{subsection.G.6}{\376\377\000R\000e\000d\000e\000f\000i\000n\000i\000n\000g\000\040\000S\000u\000c\000c\000e\000s\000s\000\040\000M\000e\000t\000r\000i\000c\000s\000\040\000a\000n\000d\000\040\000A\000c\000c\000o\000u\000n\000t\000a\000b\000i\000l\000i\000t\000y\000\040\000S\000t\000a\000n\000d\000a\000r\000d\000s}{appendix.G}% 152
\BOOKMARK [2][-]{subsection.G.7}{\376\377\000B\000u\000i\000l\000d\000i\000n\000g\000\040\000S\000u\000s\000t\000a\000i\000n\000a\000b\000l\000e\000\040\000M\000o\000v\000e\000m\000e\000n\000t\000s\000\040\000f\000o\000r\000\040\000L\000o\000n\000g\000-\000T\000e\000r\000m\000\040\000C\000h\000a\000n\000g\000e}{appendix.G}% 153
\BOOKMARK [2][-]{subsection.G.8}{\376\377\000F\000u\000t\000u\000r\000e\000\040\000R\000e\000s\000e\000a\000r\000c\000h\000\040\000P\000r\000i\000o\000r\000i\000t\000i\000e\000s\000\040\000a\000n\000d\000\040\000T\000e\000c\000h\000n\000o\000l\000o\000g\000i\000c\000a\000l\000\040\000D\000e\000v\000e\000l\000o\000p\000m\000e\000n\000t}{appendix.G}% 154
\BOOKMARK [2][-]{subsection.G.9}{\376\377\000B\000i\000o\000m\000a\000r\000k\000e\000r\000\040\000I\000n\000t\000e\000g\000r\000a\000t\000i\000o\000n\000\040\000a\000n\000d\000\040\000P\000h\000y\000s\000i\000o\000l\000o\000g\000i\000c\000a\000l\000\040\000M\000o\000n\000i\000t\000o\000r\000i\000n\000g}{appendix.G}% 155
\BOOKMARK [2][-]{subsection.G.10}{\376\377\000Q\000u\000a\000n\000t\000u\000m\000\040\000C\000o\000m\000p\000u\000t\000i\000n\000g\000\040\000I\000n\000t\000e\000g\000r\000a\000t\000i\000o\000n\000\040\000f\000o\000r\000\040\000E\000n\000h\000a\000n\000c\000e\000d\000\040\000P\000r\000i\000v\000a\000c\000y}{appendix.G}% 156
\BOOKMARK [1][-]{appendix.H}{\376\377\000G\000l\000o\000s\000s\000a\000r\000y\000\040\000o\000f\000\040\000T\000e\000r\000m\000s}{}% 157
